Сборка начата 25.12.2025 18:28:26.
Уровень детализации журнала: Normal.     1>Проект "C:\Users\Глеб\Documents\GambleGame\Gambling Game\game\game.vcxproj" в узле 2 (целевые объекты Rebuild).
     1>_PrepareForClean:
         Файл "x64\Release\game.tlog\game.lastbuildstate" удаляется.
       PrepareForBuild:
         Структурированный вывод включен. Форматирование диагностики компилятора будет отражать иерархию ошибок. Подробнее см. https://aka.ms/cpp/structured-output.
       InitializeBuildStatus:
         Создание "x64\Release\game.tlog\unsuccessfulbuild", так как было задано "AlwaysCreate".
         Обращение к "x64\Release\game.tlog\unsuccessfulbuild".
       ClCompile:
         A:\programs\VisualStudio\VC\Tools\MSVC\14.44.35207\bin\HostX64\x64\CL.exe /c /Zi /nologo /W3 /WX- /diagnostics:column /sdl /O2 /Oi /GL /D NDEBUG /D _CONSOLE /D _UNICODE /D UNICODE /Gm- /EHsc /MD /GS /Gy /fp:precise /Zc:wchar_t /Zc:forScope /Zc:inline /permissive- /Fo"x64\Release\\" /Fd"x64\Release\vc143.pdb" /external:W3 /Gd /TP /FC /errorReport:prompt MainLogic.cpp playBlackJack.cpp playRoulete.cpp playSlotMachine.cpp
         MainLogic.cpp
     1>C:\Users\Глеб\Documents\GambleGame\Gambling Game\game\MainLogic.cpp(53,12): warning C4244: аргумент: преобразование "time_t" в "unsigned int", возможна потеря данных
         playBlackJack.cpp
         playRoulete.cpp
         playSlotMachine.cpp
     1>C:\Users\Глеб\Documents\GambleGame\Gambling Game\game\playSlotMachine.cpp(44,19): warning C4244: аргумент: преобразование "time_t" в "unsigned int", возможна потеря данных
       Link:
         A:\programs\VisualStudio\VC\Tools\MSVC\14.44.35207\bin\HostX64\x64\link.exe /ERRORREPORT:PROMPT /OUT:"C:\Users\Глеб\Documents\GambleGame\Gambling Game\x64\Release\game.exe" /NOLOGO kernel32.lib user32.lib gdi32.lib winspool.lib comdlg32.lib advapi32.lib shell32.lib ole32.lib oleaut32.lib uuid.lib odbc32.lib odbccp32.lib /MANIFEST /MANIFESTUAC:"level='asInvoker' uiAccess='false'" /manifest:embed /DEBUG /PDB:"C:\Users\Глеб\Documents\GambleGame\Gambling Game\x64\Release\game.pdb" /SUBSYSTEM:CONSOLE /OPT:REF /OPT:ICF /LTCG:incremental /LTCGOUT:"x64\Release\game.iobj" /TLBID:1 /DYNAMICBASE /NXCOMPAT /IMPLIB:"C:\Users\Глеб\Documents\GambleGame\Gambling Game\x64\Release\game.lib" /MACHINE:X64 x64\Release\MainLogic.obj
         x64\Release\playBlackJack.obj
         x64\Release\playRoulete.obj
         x64\Release\playSlotMachine.obj
         Создание кода
         Previous IPDB not found, fall back to full compilation.
         All 36 functions were compiled because no usable IPDB/IOBJ from previous compilation was found.
         Создание кода завершено
         game.vcxproj -> C:\Users\Глеб\Documents\GambleGame\Gambling Game\x64\Release\game.exe
       FinalizeBuildStatus:
         Файл "x64\Release\game.tlog\unsuccessfulbuild" удаляется.
         Обращение к "x64\Release\game.tlog\game.lastbuildstate".
     1>Сборка проекта "C:\Users\Глеб\Documents\GambleGame\Gambling Game\game\game.vcxproj" завершена (целевые объекты Rebuild).

Сборка успешно завершена.

       "C:\Users\Глеб\Documents\GambleGame\Gambling Game\game\game.vcxproj" (целевой объект Rebuild ) (1) ->
       (Целевой объект ClCompile) -> 
         C:\Users\Глеб\Documents\GambleGame\Gambling Game\game\MainLogic.cpp(53,12): warning C4244: аргумент: преобразование "time_t" в "unsigned int", возможна потеря данных
         C:\Users\Глеб\Documents\GambleGame\Gambling Game\game\playSlotMachine.cpp(44,19): warning C4244: аргумент: преобразование "time_t" в "unsigned int", возможна потеря данных

    Предупреждений: 2
    Ошибок: 0

Прошло времени 00:00:03.68
